<?xml version="1.0" encoding="UTF-8"?>
<testsuites>
  <testsuite name="C:\Users\LETICIA\Desktop\projet-CI-CD\services\accounts-service\phpunit.xml" tests="27" assertions="123" errors="0" failures="0" skipped="0" time="0.901108">
    <testsuite name="Unit" tests="26" assertions="122" errors="0" failures="0" skipped="0" time="0.873331">
      <testsuite name="Tests\Unit\AccountControllerTest" file="C:\Users\LETICIA\Desktop\projet-CI-CD\services\accounts-service\tests\Unit\AccountControllerTest.php" tests="12" assertions="41" errors="0" failures="0" skipped="0" time="0.650906">
        <testcase name="it_can_list_all_accounts_for_a_user" file="C:\Users\LETICIA\Desktop\projet-CI-CD\services\accounts-service\tests\Unit\AccountControllerTest.php" line="14" class="Tests\Unit\AccountControllerTest" classname="Tests.Unit.AccountControllerTest" assertions="16" time="0.455217"/>
        <testcase name="it_returns_empty_array_when_user_has_no_accounts" file="C:\Users\LETICIA\Desktop\projet-CI-CD\services\accounts-service\tests\Unit\AccountControllerTest.php" line="48" class="Tests\Unit\AccountControllerTest" classname="Tests.Unit.AccountControllerTest" assertions="2" time="0.029224"/>
        <testcase name="it_validates_required_fields_when_creating_account" file="C:\Users\LETICIA\Desktop\projet-CI-CD\services\accounts-service\tests\Unit\AccountControllerTest.php" line="62" class="Tests\Unit\AccountControllerTest" classname="Tests.Unit.AccountControllerTest" assertions="4" time="0.036546"/>
        <testcase name="it_validates_account_type_when_creating_account" file="C:\Users\LETICIA\Desktop\projet-CI-CD\services\accounts-service\tests\Unit\AccountControllerTest.php" line="73" class="Tests\Unit\AccountControllerTest" classname="Tests.Unit.AccountControllerTest" assertions="3" time="0.014967"/>
        <testcase name="it_validates_user_id_is_integer" file="C:\Users\LETICIA\Desktop\projet-CI-CD\services\accounts-service\tests\Unit\AccountControllerTest.php" line="90" class="Tests\Unit\AccountControllerTest" classname="Tests.Unit.AccountControllerTest" assertions="3" time="0.014760"/>
        <testcase name="it_can_show_a_specific_account" file="C:\Users\LETICIA\Desktop\projet-CI-CD\services\accounts-service\tests\Unit\AccountControllerTest.php" line="107" class="Tests\Unit\AccountControllerTest" classname="Tests.Unit.AccountControllerTest" assertions="2" time="0.013997"/>
        <testcase name="it_returns_404_when_account_not_found" file="C:\Users\LETICIA\Desktop\projet-CI-CD\services\accounts-service\tests\Unit\AccountControllerTest.php" line="127" class="Tests\Unit\AccountControllerTest" classname="Tests.Unit.AccountControllerTest" assertions="1" time="0.013459"/>
        <testcase name="it_can_deactivate_an_account" file="C:\Users\LETICIA\Desktop\projet-CI-CD\services\accounts-service\tests\Unit\AccountControllerTest.php" line="137" class="Tests\Unit\AccountControllerTest" classname="Tests.Unit.AccountControllerTest" assertions="3" time="0.013598"/>
        <testcase name="it_can_deactivate_already_inactive_account" file="C:\Users\LETICIA\Desktop\projet-CI-CD\services\accounts-service\tests\Unit\AccountControllerTest.php" line="161" class="Tests\Unit\AccountControllerTest" classname="Tests.Unit.AccountControllerTest" assertions="2" time="0.013047"/>
        <testcase name="it_returns_404_when_deactivating_nonexistent_account" file="C:\Users\LETICIA\Desktop\projet-CI-CD\services\accounts-service\tests\Unit\AccountControllerTest.php" line="179" class="Tests\Unit\AccountControllerTest" classname="Tests.Unit.AccountControllerTest" assertions="1" time="0.011819"/>
        <testcase name="account_number_is_generated_automatically_and_unique" file="C:\Users\LETICIA\Desktop\projet-CI-CD\services\accounts-service\tests\Unit\AccountControllerTest.php" line="189" class="Tests\Unit\AccountControllerTest" classname="Tests.Unit.AccountControllerTest" assertions="3" time="0.016241"/>
        <testcase name="balance_is_always_zero_on_account_creation" file="C:\Users\LETICIA\Desktop\projet-CI-CD\services\accounts-service\tests\Unit\AccountControllerTest.php" line="214" class="Tests\Unit\AccountControllerTest" classname="Tests.Unit.AccountControllerTest" assertions="1" time="0.018030"/>
      </testsuite>
      <testsuite name="Tests\Unit\ExampleTest" file="C:\Users\LETICIA\Desktop\projet-CI-CD\services\accounts-service\tests\Unit\ExampleTest.php" tests="1" assertions="1" errors="0" failures="0" skipped="0" time="0.008756">
        <testcase name="test_that_true_is_true" file="C:\Users\LETICIA\Desktop\projet-CI-CD\services\accounts-service\tests\Unit\ExampleTest.php" line="12" class="Tests\Unit\ExampleTest" classname="Tests.Unit.ExampleTest" assertions="1" time="0.008756"/>
      </testsuite>
      <testsuite name="Tests\Unit\TransactionControllerTest" file="C:\Users\LETICIA\Desktop\projet-CI-CD\services\accounts-service\tests\Unit\TransactionControllerTest.php" tests="13" assertions="80" errors="0" failures="0" skipped="0" time="0.213669">
        <testcase name="it_can_deposit_money_into_an_account" file="C:\Users\LETICIA\Desktop\projet-CI-CD\services\accounts-service\tests\Unit\TransactionControllerTest.php" line="29" class="Tests\Unit\TransactionControllerTest" classname="Tests.Unit.TransactionControllerTest" assertions="4" time="0.019746"/>
        <testcase name="it_validates_deposit_data" file="C:\Users\LETICIA\Desktop\projet-CI-CD\services\accounts-service\tests\Unit\TransactionControllerTest.php" line="59" class="Tests\Unit\TransactionControllerTest" classname="Tests.Unit.TransactionControllerTest" assertions="13" time="0.015923"/>
        <testcase name="it_can_withdraw_money_from_an_account" file="C:\Users\LETICIA\Desktop\projet-CI-CD\services\accounts-service\tests\Unit\TransactionControllerTest.php" line="92" class="Tests\Unit\TransactionControllerTest" classname="Tests.Unit.TransactionControllerTest" assertions="4" time="0.014010"/>
        <testcase name="it_prevents_withdrawal_when_insufficient_balance" file="C:\Users\LETICIA\Desktop\projet-CI-CD\services\accounts-service\tests\Unit\TransactionControllerTest.php" line="122" class="Tests\Unit\TransactionControllerTest" classname="Tests.Unit.TransactionControllerTest" assertions="4" time="0.013148"/>
        <testcase name="it_can_transfer_money_between_accounts" file="C:\Users\LETICIA\Desktop\projet-CI-CD\services\accounts-service\tests\Unit\TransactionControllerTest.php" line="148" class="Tests\Unit\TransactionControllerTest" classname="Tests.Unit.TransactionControllerTest" assertions="6" time="0.015410"/>
        <testcase name="it_validates_transfer_data" file="C:\Users\LETICIA\Desktop\projet-CI-CD\services\accounts-service\tests\Unit\TransactionControllerTest.php" line="193" class="Tests\Unit\TransactionControllerTest" classname="Tests.Unit.TransactionControllerTest" assertions="11" time="0.015581"/>
        <testcase name="it_can_get_transaction_history_for_an_account" file="C:\Users\LETICIA\Desktop\projet-CI-CD\services\accounts-service\tests\Unit\TransactionControllerTest.php" line="223" class="Tests\Unit\TransactionControllerTest" classname="Tests.Unit.TransactionControllerTest" assertions="24" time="0.016302"/>
        <testcase name="it_returns_empty_history_for_account_with_no_transactions" file="C:\Users\LETICIA\Desktop\projet-CI-CD\services\accounts-service\tests\Unit\TransactionControllerTest.php" line="257" class="Tests\Unit\TransactionControllerTest" classname="Tests.Unit.TransactionControllerTest" assertions="2" time="0.022806"/>
        <testcase name="transaction_history_is_ordered_by_creation_date_descending" file="C:\Users\LETICIA\Desktop\projet-CI-CD\services\accounts-service\tests\Unit\TransactionControllerTest.php" line="268" class="Tests\Unit\TransactionControllerTest" classname="Tests.Unit.TransactionControllerTest" assertions="2" time="0.016329"/>
        <testcase name="it_handles_deposit_with_decimal_amounts" file="C:\Users\LETICIA\Desktop\projet-CI-CD\services\accounts-service\tests\Unit\TransactionControllerTest.php" line="291" class="Tests\Unit\TransactionControllerTest" classname="Tests.Unit.TransactionControllerTest" assertions="2" time="0.017622"/>
        <testcase name="it_prevents_transfer_to_nonexistent_account" file="C:\Users\LETICIA\Desktop\projet-CI-CD\services\accounts-service\tests\Unit\TransactionControllerTest.php" line="313" class="Tests\Unit\TransactionControllerTest" classname="Tests.Unit.TransactionControllerTest" assertions="3" time="0.013192"/>
        <testcase name="it_allows_withdrawal_with_exact_balance" file="C:\Users\LETICIA\Desktop\projet-CI-CD\services\accounts-service\tests\Unit\TransactionControllerTest.php" line="331" class="Tests\Unit\TransactionControllerTest" classname="Tests.Unit.TransactionControllerTest" assertions="3" time="0.013838"/>
        <testcase name="it_handles_multiple_deposits_correctly" file="C:\Users\LETICIA\Desktop\projet-CI-CD\services\accounts-service\tests\Unit\TransactionControllerTest.php" line="354" class="Tests\Unit\TransactionControllerTest" classname="Tests.Unit.TransactionControllerTest" assertions="2" time="0.019763"/>
      </testsuite>
    </testsuite>
    <testsuite name="Feature" tests="1" assertions="1" errors="0" failures="0" skipped="0" time="0.027778">
      <testsuite name="Tests\Feature\ExampleTest" file="C:\Users\LETICIA\Desktop\projet-CI-CD\services\accounts-service\tests\Feature\ExampleTest.php" tests="1" assertions="1" errors="0" failures="0" skipped="0" time="0.027778">
        <testcase name="test_the_application_returns_a_successful_response" file="C:\Users\LETICIA\Desktop\projet-CI-CD\services\accounts-service\tests\Feature\ExampleTest.php" line="13" class="Tests\Feature\ExampleTest" classname="Tests.Feature.ExampleTest" assertions="1" time="0.027778"/>
      </testsuite>
    </testsuite>
  </testsuite>
</testsuites>
